\BOOKMARK [1][-]{section.1}{Introduction}{}% 1
\BOOKMARK [1][-]{section.2}{Baseline\040Encoder-Decoder\040Model}{}% 2
\BOOKMARK [2][-]{subsection.2.1}{Background}{section.2}% 3
\BOOKMARK [1][-]{section.3}{The\040encoder-decoder\040model\040for\040machine\040translation}{}% 4
\BOOKMARK [2][-]{subsection.3.1}{Formulation}{section.3}% 5
\BOOKMARK [2][-]{subsection.3.2}{Encoders\040in\040MT\040\(feature\040extraction\)}{section.3}% 6
\BOOKMARK [2][-]{subsection.3.3}{Decoders\040in\040MT\040\(language\040modeling\)}{section.3}% 7
\BOOKMARK [1][-]{section.4}{Encoder\040Structure\040Varieties}{}% 8
\BOOKMARK [2][-]{subsection.4.1}{Sentence\040as\040input}{section.4}% 9
\BOOKMARK [2][-]{subsection.4.2}{Image\040as\040input}{section.4}% 10
\BOOKMARK [2][-]{subsection.4.3}{Video\040as\040input}{section.4}% 11
\BOOKMARK [3][-]{subsubsection.4.3.1}{3D-CNNs}{subsection.4.3}% 12
\BOOKMARK [3][-]{subsubsection.4.3.2}{Dense\040video\040captioning}{subsection.4.3}% 13
\BOOKMARK [1][-]{section.5}{Decoder\040Structure\040Varieties}{}% 14
\BOOKMARK [2][-]{subsection.5.1}{Long\040term\040dependencies}{section.5}% 15
\BOOKMARK [2][-]{subsection.5.2}{LSTMs}{section.5}% 16
\BOOKMARK [2][-]{subsection.5.3}{Stacked\040RNNs}{section.5}% 17
\BOOKMARK [3][-]{subsubsection.5.3.1}{Vanishing\040gradients\040in\040stacked\040decoders}{subsection.5.3}% 18
\BOOKMARK [2][-]{subsection.5.4}{Reinforcement\040learning}{section.5}% 19
\BOOKMARK [1][-]{section.6}{Attention\040Mechanism}{}% 20
\BOOKMARK [2][-]{subsection.6.1}{Basic\040Mechanism}{section.6}% 21
\BOOKMARK [2][-]{subsection.6.2}{Extensions}{section.6}% 22
\BOOKMARK [1][-]{section.7}{Conclusion}{}% 23
